<?xml version="1.0" encoding="UTF-8"?>
<!-- Generated by org.testng.reporters.JUnitReportReporter -->
<testsuite skipped="0" hostname="infinity" name="com.qa.Banking.Testcases.TC_LoginTest_001" tests="1" failures="0" timestamp="02 Apr 2019 14:01:26 GMT" time="3.313" errors="0">
  <testcase name="loginTest" time="3.313" classname="com.qa.Banking.Testcases.TC_LoginTest_001"/>
</testsuite> <!-- com.qa.Banking.Testcases.TC_LoginTest_001 -->
